<?xml version="1.0" encoding="UTF-8"?>
<!-- Generated by org.testng.reporters.JUnitXMLReporter -->
<testsuite ignored="3" hostname="WKWIN4229901" failures="0" tests="4" name="Default test" time="55.19" errors="0" timestamp="29 Dec 2024 20:48:55 GMT">
  <testcase classname="UIAutomation.BasicTest" name="launchURL" time="8.802"/>
  <testcase classname="UIAutomation.BasicTest" name="aboutPopUpBox" time="7.815"/>
  <testcase classname="UIAutomation.BasicTest" name="checkLeaveList" time="6.546"/>
  <testcase classname="UIAutomation.BasicTest" name="checkAssignLeave" time="21.712"/>
  <testcase classname="UIAutomation.BasicTest" name="addEmployee" time="0.0">
    <ignored/>
  </testcase> <!-- addEmployee -->
  <testcase classname="UIAutomation.BasicTest" name="employeeIDList" time="0.0">
    <ignored/>
  </testcase> <!-- employeeIDList -->
  <testcase classname="UIAutomation.BasicTest" name="employeePage" time="0.0">
    <ignored/>
  </testcase> <!-- employeePage -->
</testsuite> <!-- Default test -->
