<?xml version="1.0" encoding="UTF-8"?>
<testng-results ignored="3" total="7" passed="4" failed="0" skipped="0">
  <reporter-output>
  </reporter-output>
  <suite started-at="2024-12-29T20:48:00Z" name="Default suite" finished-at="2024-12-29T20:48:55Z" duration-ms="55190">
    <groups>
    </groups>
    <test started-at="2024-12-29T20:48:00Z" name="Default test" finished-at="2024-12-29T20:48:55Z" duration-ms="55190">
      <class name="UIAutomation.BasicTest">
        <test-method is-config="true" signature="initializeBrowser()[pri:0, instance:UIAutomation.BasicTest@14dd7b39]" started-at="2024-12-29T20:48:00Z" name="initializeBrowser" finished-at="2024-12-29T20:48:09Z" duration-ms="9236" status="PASS">
          <reporter-output>
          </reporter-output>
        </test-method> <!-- initializeBrowser -->
        <test-method signature="launchURL()[pri:1, instance:UIAutomation.BasicTest@14dd7b39]" started-at="2024-12-29T20:48:09Z" name="launchURL" finished-at="2024-12-29T20:48:18Z" duration-ms="8802" status="PASS">
          <reporter-output>
          </reporter-output>
        </test-method> <!-- launchURL -->
        <test-method signature="aboutPopUpBox()[pri:5, instance:UIAutomation.BasicTest@14dd7b39]" started-at="2024-12-29T20:48:18Z" name="aboutPopUpBox" finished-at="2024-12-29T20:48:26Z" duration-ms="7815" status="PASS">
          <reporter-output>
          </reporter-output>
        </test-method> <!-- aboutPopUpBox -->
        <test-method signature="checkLeaveList()[pri:6, instance:UIAutomation.BasicTest@14dd7b39]" started-at="2024-12-29T20:48:26Z" name="checkLeaveList" finished-at="2024-12-29T20:48:32Z" duration-ms="6546" status="PASS">
          <reporter-output>
          </reporter-output>
        </test-method> <!-- checkLeaveList -->
        <test-method signature="checkAssignLeave()[pri:7, instance:UIAutomation.BasicTest@14dd7b39]" started-at="2024-12-29T20:48:32Z" name="checkAssignLeave" finished-at="2024-12-29T20:48:54Z" duration-ms="21712" status="PASS">
          <reporter-output>
          </reporter-output>
        </test-method> <!-- checkAssignLeave -->
        <test-method is-config="true" signature="captureScreenshot()[pri:0, instance:UIAutomation.BasicTest@14dd7b39]" started-at="2024-12-29T20:48:54Z" name="captureScreenshot" finished-at="2024-12-29T20:48:54Z" duration-ms="447" status="PASS">
          <reporter-output>
          </reporter-output>
        </test-method> <!-- captureScreenshot -->
        <test-method is-config="true" signature="quitBrowser()[pri:0, instance:UIAutomation.BasicTest@14dd7b39]" started-at="2024-12-29T20:48:54Z" name="quitBrowser" finished-at="2024-12-29T20:48:55Z" duration-ms="566" status="PASS">
          <reporter-output>
          </reporter-output>
        </test-method> <!-- quitBrowser -->
      </class> <!-- UIAutomation.BasicTest -->
    </test> <!-- Default test -->
  </suite> <!-- Default suite -->
</testng-results>
